<?xml version="1.0" encoding="UTF-8"?>
<!-- Generated by org.testng.reporters.JUnitReportReporter -->
<testsuite hostname="DESKTOP-P9DI3HN" failures="0" tests="8" name="datadriven.DataDrivenTestingReadingData" time="0.010" errors="0" timestamp="2025-01-22T23:48:04 IST" skipped="0">
  <testcase classname="datadriven.DataDrivenTestingReadingData" name="Login" time="0.001"/>
  <testcase classname="datadriven.DataDrivenTestingReadingData" name="Login" time="0.001"/>
  <testcase classname="datadriven.DataDrivenTestingReadingData" name="Login" time="0.002"/>
  <testcase classname="datadriven.DataDrivenTestingReadingData" name="Login" time="0.001"/>
  <testcase classname="datadriven.DataDrivenTestingReadingData" name="Login" time="0.001"/>
  <testcase classname="datadriven.DataDrivenTestingReadingData" name="Login" time="0.002"/>
  <testcase classname="datadriven.DataDrivenTestingReadingData" name="Login" time="0.001"/>
  <testcase classname="datadriven.DataDrivenTestingReadingData" name="Login" time="0.001"/>
</testsuite> <!-- datadriven.DataDrivenTestingReadingData -->
