<?xml version="1.0" encoding="UTF-8"?>
<!-- Generated by org.testng.reporters.JUnitReportReporter -->
<testsuite hostname="DESKTOP-P9DI3HN" failures="0" tests="1" name="comutility.common_function.Browser" time="1.540" errors="0" timestamp="2025-01-21T08:34:30 IST" skipped="0">
  <testcase classname="comutility.common_function.Browser" name="testMethod" time="1.540"/>
</testsuite> <!-- comutility.common_function.Browser -->
